<?xml version="1.0" encoding="UTF-8"?>
<testsuite xmlns:xsi="http://www.w3.org/2001/XMLSchema-instance" xsi:noNamespaceSchemaLocation="https://maven.apache.org/surefire/maven-surefire-plugin/xsd/surefire-test-report-3.0.xsd" version="3.0" name="CalculadoraTest" time="1.348" tests="12" errors="0" skipped="0" failures="0">
  <properties>
    <property name="java.specification.version" value="17"/>
    <property name="sun.cpu.isalist" value="amd64"/>
    <property name="sun.jnu.encoding" value="Cp1252"/>
    <property name="java.class.path" value="C:\Users\Santiago\Downloads\calculadora\target\test-classes;C:\Users\Santiago\Downloads\calculadora\target\classes;C:\Users\Santiago\.m2\repository\org\junit\jupiter\junit-jupiter\5.10.0\junit-jupiter-5.10.0.jar;C:\Users\Santiago\.m2\repository\org\junit\jupiter\junit-jupiter-api\5.10.0\junit-jupiter-api-5.10.0.jar;C:\Users\Santiago\.m2\repository\org\opentest4j\opentest4j\1.3.0\opentest4j-1.3.0.jar;C:\Users\Santiago\.m2\repository\org\junit\platform\junit-platform-commons\1.10.0\junit-platform-commons-1.10.0.jar;C:\Users\Santiago\.m2\repository\org\apiguardian\apiguardian-api\1.1.2\apiguardian-api-1.1.2.jar;C:\Users\Santiago\.m2\repository\org\junit\jupiter\junit-jupiter-params\5.10.0\junit-jupiter-params-5.10.0.jar;C:\Users\Santiago\.m2\repository\org\junit\jupiter\junit-jupiter-engine\5.10.0\junit-jupiter-engine-5.10.0.jar;C:\Users\Santiago\.m2\repository\org\junit\platform\junit-platform-engine\1.10.0\junit-platform-engine-1.10.0.jar;"/>
    <property name="java.vm.vendor" value="Eclipse Adoptium"/>
    <property name="sun.arch.data.model" value="64"/>
    <property name="user.variant" value=""/>
    <property name="java.vendor.url" value="https://adoptium.net/"/>
    <property name="user.timezone" value="America/Lima"/>
    <property name="os.name" value="Windows 11"/>
    <property name="java.vm.specification.version" value="17"/>
    <property name="sun.java.launcher" value="SUN_STANDARD"/>
    <property name="user.country" value="PE"/>
    <property name="sun.boot.library.path" value="C:\Program Files\Eclipse Adoptium\jdk-17.0.15.6-hotspot\bin"/>
    <property name="sun.java.command" value="C:\Users\Santiago\AppData\Local\Temp\surefire10697845308961485822\surefirebooter-20250814114346348_3.jar C:\Users\Santiago\AppData\Local\Temp\surefire10697845308961485822 2025-08-14T11-43-42_001-jvmRun1 surefire-20250814114346348_1tmp surefire_0-20250814114346348_2tmp"/>
    <property name="jdk.debug" value="release"/>
    <property name="surefire.test.class.path" value="C:\Users\Santiago\Downloads\calculadora\target\test-classes;C:\Users\Santiago\Downloads\calculadora\target\classes;C:\Users\Santiago\.m2\repository\org\junit\jupiter\junit-jupiter\5.10.0\junit-jupiter-5.10.0.jar;C:\Users\Santiago\.m2\repository\org\junit\jupiter\junit-jupiter-api\5.10.0\junit-jupiter-api-5.10.0.jar;C:\Users\Santiago\.m2\repository\org\opentest4j\opentest4j\1.3.0\opentest4j-1.3.0.jar;C:\Users\Santiago\.m2\repository\org\junit\platform\junit-platform-commons\1.10.0\junit-platform-commons-1.10.0.jar;C:\Users\Santiago\.m2\repository\org\apiguardian\apiguardian-api\1.1.2\apiguardian-api-1.1.2.jar;C:\Users\Santiago\.m2\repository\org\junit\jupiter\junit-jupiter-params\5.10.0\junit-jupiter-params-5.10.0.jar;C:\Users\Santiago\.m2\repository\org\junit\jupiter\junit-jupiter-engine\5.10.0\junit-jupiter-engine-5.10.0.jar;C:\Users\Santiago\.m2\repository\org\junit\platform\junit-platform-engine\1.10.0\junit-platform-engine-1.10.0.jar;"/>
    <property name="sun.cpu.endian" value="little"/>
    <property name="user.home" value="C:\Users\Santiago"/>
    <property name="user.language" value="es"/>
    <property name="java.specification.vendor" value="Oracle Corporation"/>
    <property name="java.version.date" value="2025-04-15"/>
    <property name="java.home" value="C:\Program Files\Eclipse Adoptium\jdk-17.0.15.6-hotspot"/>
    <property name="file.separator" value="\"/>
    <property name="basedir" value="C:\Users\Santiago\Downloads\calculadora"/>
    <property name="java.vm.compressedOopsMode" value="32-bit"/>
    <property name="line.separator" value="&#10;"/>
    <property name="java.vm.specification.vendor" value="Oracle Corporation"/>
    <property name="java.specification.name" value="Java Platform API Specification"/>
    <property name="surefire.real.class.path" value="C:\Users\Santiago\AppData\Local\Temp\surefire10697845308961485822\surefirebooter-20250814114346348_3.jar"/>
    <property name="user.script" value=""/>
    <property name="sun.management.compiler" value="HotSpot 64-Bit Tiered Compilers"/>
    <property name="java.runtime.version" value="17.0.15+6"/>
    <property name="user.name" value="Santiago"/>
    <property name="path.separator" value=";"/>
    <property name="os.version" value="10.0"/>
    <property name="java.runtime.name" value="OpenJDK Runtime Environment"/>
    <property name="file.encoding" value="Cp1252"/>
    <property name="java.vm.name" value="OpenJDK 64-Bit Server VM"/>
    <property name="java.vendor.version" value="Temurin-17.0.15+6"/>
    <property name="localRepository" value="C:\Users\Santiago\.m2\repository"/>
    <property name="java.vendor.url.bug" value="https://github.com/adoptium/adoptium-support/issues"/>
    <property name="java.io.tmpdir" value="C:\Users\Santiago\AppData\Local\Temp\"/>
    <property name="java.version" value="17.0.15"/>
    <property name="user.dir" value="C:\Users\Santiago\Downloads\calculadora"/>
    <property name="os.arch" value="amd64"/>
    <property name="java.vm.specification.name" value="Java Virtual Machine Specification"/>
    <property name="sun.os.patch.level" value=""/>
    <property name="native.encoding" value="Cp1252"/>
    <property name="java.library.path" value="C:\Program Files\Eclipse Adoptium\jdk-17.0.15.6-hotspot\bin;C:\WINDOWS\Sun\Java\bin;C:\WINDOWS\system32;C:\WINDOWS;C:\Program Files\Eclipse Adoptium\jdk-17.0.15.6-hotspot\bin;C:\Program Files\Common Files\Oracle\Java\javapath;C:\Program Files (x86)\Common Files\Oracle\Java\java8path;C:\Program Files (x86)\Common Files\Oracle\Java\javapath;C:\WINDOWS\system32;C:\WINDOWS;C:\WINDOWS\System32\Wbem;C:\WINDOWS\System32\WindowsPowerShell\v1.0\;C:\WINDOWS\System32\OpenSSH\;C:\Program Files\Docker\Docker\resources\bin;C:\Program Files\nodejs\;C:\Program Files\Git\cmd;C:\Program Files\Maven\apache-maven-3.9.9\bin;C:\Program Files\Eclipse Adoptium\jdk-17.0.15.6-hotspot\bin;c:\Users\Santiago\AppData\Local\Programs\Trae\bin;C:\Users\Santiago\AppData\Local\Microsoft\WindowsApps;C:\Users\Santiago\AppData\Local\Programs\Microsoft VS Code\bin;C:\Users\Santiago\AppData\Roaming\npm;C:\Users\Santiago\Downloads\Maven\apache-maven-3.9.9;C:\Users\Santiago\AppData\Local\JetBrains\Toolbox\scripts;C:\Users\Santiago\AppData\Local\Programs\cursor\resources\app\bin;c:\Users\Santiago\AppData\Roaming\Code\User\globalStorage\github.copilot-chat\debugCommand;."/>
    <property name="java.vm.info" value="mixed mode, sharing"/>
    <property name="java.vendor" value="Eclipse Adoptium"/>
    <property name="java.vm.version" value="17.0.15+6"/>
    <property name="java.specification.maintenance.version" value="1"/>
    <property name="sun.io.unicode.encoding" value="UnicodeLittle"/>
    <property name="java.class.version" value="61.0"/>
  </properties>
  <testcase name="testMultiplicarPorCero" classname="CalculadoraTest" time="0.613">
    <system-out><![CDATA[Iniciando prueba...
Ejecutando testMultiplicarPorCero...
Probando multiplicación por cero: 7 * 0
Método multiplicar() llamado con a = 7, b = 0
Resultado de multiplicar: 0
Esperado: 0, Obtenido: 0
Prueba finalizada!
]]></system-out>
  </testcase>
  <testcase name="testRaizCuadradaNumeroNegativo" classname="CalculadoraTest" time="0.05">
    <system-out><![CDATA[Iniciando prueba...
Ejecutando testRaizCuadradaNumeroNegativo...
Probando raíz cuadrada de número negativo - se espera IllegalArgumentException
Método raizCuadrada() llamado con x = -4.0
⚠️ Error: no se puede calcular raíz cuadrada de número negativo.
Prueba finalizada!
]]></system-out>
  </testcase>
  <testcase name="testSumar" classname="CalculadoraTest" time="0.011">
    <system-out><![CDATA[Iniciando prueba...
Ejecutando testSumar...
Método sumar() llamado con a = 3, b = 4
Resultado de sumar: 7
Resultado: 7
Prueba finalizada!
]]></system-out>
  </testcase>
  <testcase name="testPorcentajeTotalCero" classname="CalculadoraTest" time="0.026">
    <system-out><![CDATA[Iniciando prueba...
Ejecutando testPorcentajeTotalCero...
Probando porcentaje con total = 0 - se espera ArithmeticException
Método porcentaje() llamado con parte = 50, total = 0
⚠️ Error: intento de división por cero en porcentaje.
Prueba finalizada!
]]></system-out>
  </testcase>
  <testcase name="testRaizCuadrada" classname="CalculadoraTest" time="0.036">
    <system-out><![CDATA[Iniciando prueba...
Ejecutando testRaizCuadrada...
Probando raíz cuadrada normal: √16
Método raizCuadrada() llamado con x = 16.0
Resultado de raizCuadrada: 4.0
Esperado: 4.0, Obtenido: 4.0
Prueba finalizada!
]]></system-out>
  </testcase>
  <testcase name="testMultiplicar" classname="CalculadoraTest" time="0.072">
    <system-out><![CDATA[Iniciando prueba...
Ejecutando testMultiplicar...
Probando multiplicación normal: 4 * 5
Método multiplicar() llamado con a = 4, b = 5
Resultado de multiplicar: 20
Esperado: 20, Obtenido: 20
Prueba finalizada!
]]></system-out>
  </testcase>
  <testcase name="testMultiplicarNegativos" classname="CalculadoraTest" time="0.019">
    <system-out><![CDATA[Iniciando prueba...
Ejecutando testMultiplicarNegativos...
Probando multiplicación de negativos: -3 * -4
Método multiplicar() llamado con a = -3, b = -4
Resultado de multiplicar: 12
Esperado: 12, Obtenido: 12
Prueba finalizada!
]]></system-out>
  </testcase>
  <testcase name="testDividirPorCero" classname="CalculadoraTest" time="0.032">
    <system-out><![CDATA[Iniciando prueba...
Ejecutando testDividirPorCero...
Probando división por cero - se espera ArithmeticException
Método dividir() llamado con a = 10, b = 0
⚠️ Error: intento de división por cero.
Prueba finalizada!
]]></system-out>
  </testcase>
  <testcase name="testDividir" classname="CalculadoraTest" time="0.023">
    <system-out><![CDATA[Iniciando prueba...
Ejecutando testDividir...
Método dividir() llamado con a = 12, b = 4
Resultado de dividir: 3
Resultado: 3
Prueba finalizada!
]]></system-out>
  </testcase>
  <testcase name="testRestar" classname="CalculadoraTest" time="0.006">
    <system-out><![CDATA[Iniciando prueba...
Ejecutando testRestar...
Probando resta normal: 10 - 3
Método restar() llamado con a = 10, b = 3
Resultado de restar: 7
Esperado: 7, Obtenido: 7
Prueba finalizada!
]]></system-out>
  </testcase>
  <testcase name="testPorcentaje" classname="CalculadoraTest" time="0.029">
    <system-out><![CDATA[Iniciando prueba...
Ejecutando testPorcentaje...
Probando porcentaje normal: 25 de 100
Método porcentaje() llamado con parte = 25, total = 100
Resultado de porcentaje: 25.0%
Esperado: 25.0, Obtenido: 25.0
Prueba finalizada!
]]></system-out>
  </testcase>
  <testcase name="testRestarNumerosNegativos" classname="CalculadoraTest" time="0.009">
    <system-out><![CDATA[Iniciando prueba...
Ejecutando testRestarNumerosNegativos...
Probando resta con números negativos: -5 - (-3)
Método restar() llamado con a = -5, b = -3
Resultado de restar: -2
Esperado: -2, Obtenido: -2
Prueba finalizada!
]]></system-out>
  </testcase>
</testsuite>